[22:24:05] [main/INFO]: Environment: authHost='https://authserver.mojang.com', accountsHost='https://api.mojang.com', sessionHost='https://sessionserver.mojang.com', servicesHost='https://api.minecraftservices.com', name='PROD'
[22:24:05] [main/WARN]: Ambiguity between arguments [teleport, location] and [teleport, destination] with inputs: [0.1 -0.5 .9, 0 0 0]
[22:24:05] [main/WARN]: Ambiguity between arguments [teleport, location] and [teleport, targets] with inputs: [0.1 -0.5 .9, 0 0 0]
[22:24:05] [main/WARN]: Ambiguity between arguments [teleport, destination] and [teleport, targets] with inputs: [Player, 0123, @e, dd12be42-52a9-4a91-a8a1-11c01849e498]
[22:24:05] [main/WARN]: Ambiguity between arguments [teleport, targets] and [teleport, destination] with inputs: [Player, 0123, dd12be42-52a9-4a91-a8a1-11c01849e498]
[22:24:05] [main/WARN]: Ambiguity between arguments [teleport, targets, location] and [teleport, targets, destination] with inputs: [0.1 -0.5 .9, 0 0 0]
[22:24:05] [main/INFO]: Reloading ResourceManager: Default
[22:24:06] [Worker-Main-10/INFO]: Loaded 7 recipes
[22:24:07] [Worker-Main-10/INFO]: Loaded 1137 advancements
[22:24:09] [Server thread/INFO]: Starting minecraft server version 1.17.1
[22:24:09] [Server thread/INFO]: Loading properties
[22:24:09] [Server thread/INFO]: Default game type: SURVIVAL
[22:24:09] [Server thread/INFO]: Generating keypair
[22:24:09] [Server thread/INFO]: Starting Minecraft server on 192.168.1.5:25565
[22:24:09] [Server thread/INFO]: Using default channel type
[22:24:10] [Server thread/INFO]: Preparing level "world"
[22:24:10] [Server thread/INFO]: Preparing start region for dimension minecraft:overworld
[22:24:11] [Worker-Main-14/INFO]: Preparing spawn area: 0%
[22:24:17] [Worker-Main-14/INFO]: Preparing spawn area: 0%
[22:24:17] [Worker-Main-14/INFO]: Preparing spawn area: 0%
[22:24:17] [Worker-Main-9/INFO]: Preparing spawn area: 0%
[22:24:17] [Worker-Main-14/INFO]: Preparing spawn area: 0%
[22:24:17] [Worker-Main-9/INFO]: Preparing spawn area: 0%
[22:24:17] [Worker-Main-14/INFO]: Preparing spawn area: 0%
[22:24:17] [Worker-Main-9/INFO]: Preparing spawn area: 0%
[22:24:17] [Worker-Main-14/INFO]: Preparing spawn area: 0%
[22:24:17] [Worker-Main-9/INFO]: Preparing spawn area: 0%
[22:24:17] [Worker-Main-14/INFO]: Preparing spawn area: 0%
[22:24:17] [Worker-Main-9/INFO]: Preparing spawn area: 0%
[22:24:17] [Worker-Main-14/INFO]: Preparing spawn area: 0%
[22:24:17] [Worker-Main-9/INFO]: Preparing spawn area: 0%
[22:24:17] [Worker-Main-14/INFO]: Preparing spawn area: 0%
[22:24:18] [Worker-Main-9/INFO]: Preparing spawn area: 4%
[22:24:18] [Worker-Main-12/INFO]: Preparing spawn area: 68%
[22:24:19] [Worker-Main-11/INFO]: Preparing spawn area: 68%
[22:24:19] [Worker-Main-14/INFO]: Preparing spawn area: 70%
[22:24:20] [Worker-Main-13/INFO]: Preparing spawn area: 74%
[22:24:20] [Worker-Main-8/INFO]: Preparing spawn area: 76%
[22:24:21] [Worker-Main-12/INFO]: Preparing spawn area: 83%
[22:24:21] [Worker-Main-12/INFO]: Preparing spawn area: 83%
[22:24:22] [Worker-Main-13/INFO]: Preparing spawn area: 83%
[22:24:22] [Worker-Main-13/INFO]: Preparing spawn area: 85%
[22:24:23] [Worker-Main-8/INFO]: Preparing spawn area: 89%
[22:24:23] [Worker-Main-14/INFO]: Preparing spawn area: 89%
[22:24:24] [Worker-Main-11/INFO]: Preparing spawn area: 93%
[22:24:24] [Server thread/INFO]: Time elapsed: 14028 ms
[22:24:24] [Server thread/INFO]: Done (14.195s)! For help, type "help"
[22:25:04] [User Authenticator #1/INFO]: UUID of player BradTheSergal is f27a4fec-77cf-4e39-a527-f291e635652a
[22:25:04] [Server thread/INFO]: BradTheSergal[/71.11.127.116:49855] logged in with entity id 135 at (-70.5, 64.0, 23.5)
[22:25:04] [Server thread/INFO]: BradTheSergal joined the game
[22:26:56] [Server thread/INFO]: BradTheSergal lost connection: Disconnected
[22:26:56] [Server thread/INFO]: BradTheSergal left the game
[22:27:36] [Server thread/INFO]: Stopping the server
[22:27:36] [Server thread/INFO]: Stopping server
[22:27:36] [Server thread/INFO]: Saving players
[22:27:36] [Server thread/INFO]: Saving worlds
[22:27:36] [Server thread/INFO]: Saving chunks for level 'ServerLevel[world]'/minecraft:overworld
[22:27:37] [Server thread/INFO]: Saving chunks for level 'ServerLevel[world]'/minecraft:the_nether
[22:27:37] [Server thread/INFO]: Saving chunks for level 'ServerLevel[world]'/minecraft:the_end
[22:27:37] [Server thread/INFO]: ThreadedAnvilChunkStorage (world): All chunks are saved
[22:27:37] [Server thread/INFO]: ThreadedAnvilChunkStorage (DIM-1): All chunks are saved
[22:27:37] [Server thread/INFO]: ThreadedAnvilChunkStorage (DIM1): All chunks are saved
[22:27:37] [Server thread/INFO]: ThreadedAnvilChunkStorage: All dimensions are saved
